2025-02-05 12:06:46 INFO  Log:16 - =====================================loginTest TEST START=========================================
2025-02-05 12:06:46 INFO  Log:29 - User is going to signIn
2025-02-05 12:06:48 INFO  Log:29 - enter user name and password
2025-02-05 12:06:51 INFO  Log:29 - Validation check
2025-02-05 12:06:51 INFO  Log:21 - =====================================loginTest TEST END=========================================
2025-02-05 13:52:33 INFO  Log:16 - =====================================loginTest TEST START=========================================
2025-02-05 13:52:33 INFO  Log:29 - User is going to signIn
2025-02-05 13:52:35 INFO  Log:29 - enter user name and password
2025-02-05 13:52:37 INFO  Log:29 - Validation check
2025-02-05 13:52:46 INFO  Log:16 - =====================================loginTest TEST START=========================================
2025-02-05 13:52:46 INFO  Log:29 - User is going to signIn
2025-02-05 13:52:48 INFO  Log:29 - enter user name and password
2025-02-05 13:52:50 INFO  Log:29 - Validation check
2025-02-05 13:53:35 INFO  Log:16 - =====================================loginTest TEST START=========================================
2025-02-05 13:53:35 INFO  Log:29 - User is going to signIn
2025-02-05 13:53:37 INFO  Log:29 - enter user name and password
2025-02-05 13:53:39 INFO  Log:29 - Validation check
2025-02-05 13:53:47 INFO  Log:16 - =====================================loginTest TEST START=========================================
2025-02-05 13:53:47 INFO  Log:29 - User is going to signIn
2025-02-05 13:53:49 INFO  Log:29 - enter user name and password
2025-02-05 13:53:51 INFO  Log:29 - Validation check
2025-02-05 13:57:05 INFO  Log:16 - =====================================loginTest TEST START=========================================
2025-02-05 13:57:05 INFO  Log:29 - User is going to signIn
2025-02-05 13:57:08 INFO  Log:29 - enter user name and password
2025-02-05 13:57:10 INFO  Log:29 - Validation check
2025-02-05 13:57:18 INFO  Log:16 - =====================================loginTest TEST START=========================================
2025-02-05 13:57:18 INFO  Log:29 - User is going to signIn
2025-02-05 13:57:20 INFO  Log:29 - enter user name and password
2025-02-05 13:57:22 INFO  Log:29 - Validation check
2025-02-05 13:59:00 INFO  Log:16 - =====================================loginTest TEST START=========================================
2025-02-05 13:59:00 INFO  Log:29 - User is going to signIn
2025-02-05 13:59:02 INFO  Log:29 - enter user name and password
2025-02-05 13:59:04 INFO  Log:29 - Validation check
2025-02-05 13:59:04 INFO  Log:21 - =====================================loginTest TEST END=========================================
2025-02-05 13:59:12 INFO  Log:16 - =====================================loginTest TEST START=========================================
2025-02-05 13:59:12 INFO  Log:29 - User is going to signIn
2025-02-05 13:59:14 INFO  Log:29 - enter user name and password
2025-02-05 13:59:17 INFO  Log:29 - Validation check
2025-02-05 13:59:17 INFO  Log:21 - =====================================loginTest TEST END=========================================
2025-02-05 14:00:49 INFO  Log:16 - =====================================loginTest TEST START=========================================
2025-02-05 14:00:49 INFO  Log:29 - User is going to signIn
2025-02-05 14:00:51 INFO  Log:29 - enter user name and password
2025-02-05 14:00:53 INFO  Log:29 - Validation check
2025-02-05 14:01:02 INFO  Log:16 - =====================================loginTest TEST START=========================================
2025-02-05 14:01:02 INFO  Log:29 - User is going to signIn
2025-02-05 14:01:03 INFO  Log:29 - enter user name and password
2025-02-05 14:01:06 INFO  Log:29 - Validation check
2025-02-05 14:02:58 INFO  Log:16 - =====================================loginTest TEST START=========================================
2025-02-05 14:02:58 INFO  Log:29 - User is going to signIn
2025-02-05 14:03:00 INFO  Log:29 - enter user name and password
2025-02-05 14:03:02 INFO  Log:29 - Validation check
2025-02-05 14:03:11 INFO  Log:16 - =====================================loginTest TEST START=========================================
2025-02-05 14:03:11 INFO  Log:29 - User is going to signIn
2025-02-05 14:03:13 INFO  Log:29 - enter user name and password
2025-02-05 14:03:15 INFO  Log:29 - Validation check
2025-02-05 14:03:32 INFO  Log:16 - =====================================loginTest TEST START=========================================
2025-02-05 14:03:32 INFO  Log:29 - User is going to signIn
2025-02-05 14:03:33 INFO  Log:29 - enter user name and password
2025-02-05 14:03:36 INFO  Log:29 - Validation check
2025-02-05 14:03:44 INFO  Log:16 - =====================================loginTest TEST START=========================================
2025-02-05 14:03:44 INFO  Log:29 - User is going to signIn
2025-02-05 14:03:45 INFO  Log:29 - enter user name and password
2025-02-05 14:03:48 INFO  Log:29 - Validation check
2025-02-05 14:05:04 INFO  Log:16 - =====================================loginTest TEST START=========================================
2025-02-05 14:05:04 INFO  Log:29 - User is going to signIn
2025-02-05 14:05:05 INFO  Log:29 - enter user name and password
2025-02-05 14:05:10 INFO  Log:29 - Validation check
2025-02-05 14:05:18 INFO  Log:16 - =====================================loginTest TEST START=========================================
2025-02-05 14:05:18 INFO  Log:29 - User is going to signIn
2025-02-05 14:05:20 INFO  Log:29 - enter user name and password
2025-02-05 14:05:23 INFO  Log:29 - Validation check
2025-02-05 14:06:22 INFO  Log:16 - =====================================loginTest TEST START=========================================
2025-02-05 14:06:22 INFO  Log:29 - User is going to signIn
2025-02-05 14:06:24 INFO  Log:29 - enter user name and password
2025-02-05 14:06:28 INFO  Log:29 - Validation check
2025-02-05 14:06:36 INFO  Log:16 - =====================================loginTest TEST START=========================================
2025-02-05 14:06:36 INFO  Log:29 - User is going to signIn
2025-02-05 14:06:38 INFO  Log:29 - enter user name and password
2025-02-05 14:06:42 INFO  Log:29 - Validation check
2025-02-05 14:09:05 INFO  Log:16 - =====================================loginTest TEST START=========================================
2025-02-05 14:09:05 INFO  Log:29 - User is going to signIn
2025-02-05 14:09:07 INFO  Log:29 - enter user name and password
2025-02-05 14:09:11 INFO  Log:29 - Validation check
2025-02-05 14:09:19 INFO  Log:16 - =====================================loginTest TEST START=========================================
2025-02-05 14:09:19 INFO  Log:29 - User is going to signIn
2025-02-05 14:09:21 INFO  Log:29 - enter user name and password
2025-02-05 14:09:26 INFO  Log:29 - Validation check
2025-02-05 14:12:16 INFO  Log:16 - =====================================loginTest TEST START=========================================
2025-02-05 14:12:16 INFO  Log:29 - User is going to signIn
2025-02-05 14:12:18 INFO  Log:29 - enter user name and password
2025-02-05 14:12:22 INFO  Log:29 - Validation check
2025-02-05 14:12:22 INFO  Log:21 - =====================================loginTest TEST END=========================================
2025-02-05 14:12:30 INFO  Log:16 - =====================================loginTest TEST START=========================================
2025-02-05 14:12:30 INFO  Log:29 - User is going to signIn
2025-02-05 14:12:32 INFO  Log:29 - enter user name and password
2025-02-05 14:12:35 INFO  Log:29 - Validation check
2025-02-05 14:20:52 INFO  Log:16 - =====================================loginTest TEST START=========================================
2025-02-05 14:20:52 INFO  Log:29 - User is going to signIn
2025-02-05 14:20:53 INFO  Log:29 - enter user name and password
2025-02-05 14:20:58 INFO  Log:29 - Validation check
2025-02-05 14:20:58 INFO  Log:21 - =====================================loginTest TEST END=========================================
2025-02-05 15:07:36 INFO  Log:16 - =====================================loginTest TEST START=========================================
2025-02-05 15:07:36 INFO  Log:29 - User is going to signIn
2025-02-05 15:07:38 INFO  Log:29 - enter user name and password
2025-02-05 15:07:42 INFO  Log:29 - Validation check
2025-02-05 15:07:42 INFO  Log:21 - =====================================loginTest TEST END=========================================
2025-02-05 15:15:52 INFO  Log:16 - =====================================loginTest TEST START=========================================
2025-02-05 15:15:52 INFO  Log:29 - User is going to signIn
2025-02-05 15:15:54 INFO  Log:29 - enter user name and password
2025-02-05 15:15:58 INFO  Log:29 - Validation check
2025-02-05 15:15:58 INFO  Log:21 - =====================================loginTest TEST END=========================================
2025-02-05 21:19:35 INFO  Log:16 - =====================================loginTest TEST START=========================================
2025-02-05 21:19:35 INFO  Log:29 - User is going to signIn
2025-02-05 21:19:39 INFO  Log:29 - enter user name and password
2025-02-05 21:19:47 INFO  Log:29 - Validation check
2025-02-05 21:19:47 INFO  Log:21 - =====================================loginTest TEST END=========================================
2025-02-05 21:22:16 DEBUG cache:45 - Couldn't find template in cache for "v3html/v3-html-index.ftl"("en", UTF-8, parsed); will try to load it.
2025-02-05 21:22:16 DEBUG cache:45 - TemplateLoader.findTemplateSource("v3html/v3-html-index_en.ftl"): Not found
2025-02-05 21:22:16 DEBUG cache:45 - TemplateLoader.findTemplateSource("v3html/v3-html-index.ftl"): Found
2025-02-05 21:22:16 DEBUG cache:45 - Loading template for "v3html/v3-html-index.ftl"("en", UTF-8, parsed) from "jar:file:/C:/Users/Administrator/.m2/repository/com/aventstack/extentreports/4.0.9/extentreports-4.0.9.jar!/com/aventstack/extentreports/view/v3html/v3-html-index.ftl"
2025-02-05 21:22:16 DEBUG cache:45 - Couldn't find template in cache for "v3html/v3-html-head.ftl"("en", UTF-8, parsed); will try to load it.
2025-02-05 21:22:16 DEBUG cache:45 - TemplateLoader.findTemplateSource("v3html/v3-html-head_en.ftl"): Not found
2025-02-05 21:22:16 DEBUG cache:45 - TemplateLoader.findTemplateSource("v3html/v3-html-head.ftl"): Found
2025-02-05 21:22:16 DEBUG cache:45 - Loading template for "v3html/v3-html-head.ftl"("en", UTF-8, parsed) from "jar:file:/C:/Users/Administrator/.m2/repository/com/aventstack/extentreports/4.0.9/extentreports-4.0.9.jar!/com/aventstack/extentreports/view/v3html/v3-html-head.ftl"
2025-02-05 21:22:16 DEBUG cache:45 - Couldn't find template in cache for "v3html/v3-html-nav.ftl"("en", UTF-8, parsed); will try to load it.
2025-02-05 21:22:16 DEBUG cache:45 - TemplateLoader.findTemplateSource("v3html/v3-html-nav_en.ftl"): Not found
2025-02-05 21:22:16 DEBUG cache:45 - TemplateLoader.findTemplateSource("v3html/v3-html-nav.ftl"): Found
2025-02-05 21:22:16 DEBUG cache:45 - Loading template for "v3html/v3-html-nav.ftl"("en", UTF-8, parsed) from "jar:file:/C:/Users/Administrator/.m2/repository/com/aventstack/extentreports/4.0.9/extentreports-4.0.9.jar!/com/aventstack/extentreports/view/v3html/v3-html-nav.ftl"
2025-02-05 21:22:16 DEBUG cache:45 - Couldn't find template in cache for "v3html/test-view/v3-html-test-view.ftl"("en", UTF-8, parsed); will try to load it.
2025-02-05 21:22:16 DEBUG cache:45 - TemplateLoader.findTemplateSource("v3html/test-view/v3-html-test-view_en.ftl"): Not found
2025-02-05 21:22:16 DEBUG cache:45 - TemplateLoader.findTemplateSource("v3html/test-view/v3-html-test-view.ftl"): Found
2025-02-05 21:22:16 DEBUG cache:45 - Loading template for "v3html/test-view/v3-html-test-view.ftl"("en", UTF-8, parsed) from "jar:file:/C:/Users/Administrator/.m2/repository/com/aventstack/extentreports/4.0.9/extentreports-4.0.9.jar!/com/aventstack/extentreports/view/v3html/test-view/v3-html-test-view.ftl"
2025-02-05 21:22:16 DEBUG cache:45 - Couldn't find template in cache for "v3html/test-view/v3-html-test-view-charts.ftl"("en", UTF-8, parsed); will try to load it.
2025-02-05 21:22:16 DEBUG cache:45 - TemplateLoader.findTemplateSource("v3html/test-view/v3-html-test-view-charts_en.ftl"): Not found
2025-02-05 21:22:16 DEBUG cache:45 - TemplateLoader.findTemplateSource("v3html/test-view/v3-html-test-view-charts.ftl"): Found
2025-02-05 21:22:16 DEBUG cache:45 - Loading template for "v3html/test-view/v3-html-test-view-charts.ftl"("en", UTF-8, parsed) from "jar:file:/C:/Users/Administrator/.m2/repository/com/aventstack/extentreports/4.0.9/extentreports-4.0.9.jar!/com/aventstack/extentreports/view/v3html/test-view/v3-html-test-view-charts.ftl"
2025-02-05 21:22:16 DEBUG cache:45 - Couldn't find template in cache for "v3html/test-view/v3-html-standard.ftl"("en", UTF-8, parsed); will try to load it.
2025-02-05 21:22:16 DEBUG cache:45 - TemplateLoader.findTemplateSource("v3html/test-view/v3-html-standard_en.ftl"): Not found
2025-02-05 21:22:16 DEBUG cache:45 - TemplateLoader.findTemplateSource("v3html/test-view/v3-html-standard.ftl"): Found
2025-02-05 21:22:16 DEBUG cache:45 - Loading template for "v3html/test-view/v3-html-standard.ftl"("en", UTF-8, parsed) from "jar:file:/C:/Users/Administrator/.m2/repository/com/aventstack/extentreports/4.0.9/extentreports-4.0.9.jar!/com/aventstack/extentreports/view/v3html/test-view/v3-html-standard.ftl"
2025-02-05 21:22:16 DEBUG cache:45 - "v3html/test-view/v3-html-standard.ftl"("en", UTF-8, parsed) cached copy not yet stale; using cached.
2025-02-05 21:22:16 DEBUG cache:45 - "v3html/test-view/v3-html-standard.ftl"("en", UTF-8, parsed) cached copy not yet stale; using cached.
2025-02-05 21:22:16 DEBUG cache:45 - "v3html/test-view/v3-html-standard.ftl"("en", UTF-8, parsed) cached copy not yet stale; using cached.
2025-02-05 21:22:16 DEBUG cache:45 - "v3html/test-view/v3-html-standard.ftl"("en", UTF-8, parsed) cached copy not yet stale; using cached.
2025-02-05 21:22:16 DEBUG cache:45 - "v3html/test-view/v3-html-standard.ftl"("en", UTF-8, parsed) cached copy not yet stale; using cached.
2025-02-05 21:22:16 DEBUG cache:45 - "v3html/test-view/v3-html-standard.ftl"("en", UTF-8, parsed) cached copy not yet stale; using cached.
2025-02-05 21:22:16 DEBUG cache:45 - "v3html/test-view/v3-html-standard.ftl"("en", UTF-8, parsed) cached copy not yet stale; using cached.
2025-02-05 21:22:16 DEBUG cache:45 - "v3html/test-view/v3-html-standard.ftl"("en", UTF-8, parsed) cached copy not yet stale; using cached.
2025-02-05 21:22:16 DEBUG cache:45 - "v3html/test-view/v3-html-standard.ftl"("en", UTF-8, parsed) cached copy not yet stale; using cached.
2025-02-05 21:22:16 DEBUG cache:45 - Couldn't find template in cache for "v3html/category-view/v3-html-category-view.ftl"("en", UTF-8, parsed); will try to load it.
2025-02-05 21:22:16 DEBUG cache:45 - TemplateLoader.findTemplateSource("v3html/category-view/v3-html-category-view_en.ftl"): Not found
2025-02-05 21:22:16 DEBUG cache:45 - TemplateLoader.findTemplateSource("v3html/category-view/v3-html-category-view.ftl"): Found
2025-02-05 21:22:16 DEBUG cache:45 - Loading template for "v3html/category-view/v3-html-category-view.ftl"("en", UTF-8, parsed) from "jar:file:/C:/Users/Administrator/.m2/repository/com/aventstack/extentreports/4.0.9/extentreports-4.0.9.jar!/com/aventstack/extentreports/view/v3html/category-view/v3-html-category-view.ftl"
2025-02-05 21:22:16 DEBUG cache:45 - Couldn't find template in cache for "v3html/exception-view/v3-html-exception-view.ftl"("en", UTF-8, parsed); will try to load it.
2025-02-05 21:22:16 DEBUG cache:45 - TemplateLoader.findTemplateSource("v3html/exception-view/v3-html-exception-view_en.ftl"): Not found
2025-02-05 21:22:16 DEBUG cache:45 - TemplateLoader.findTemplateSource("v3html/exception-view/v3-html-exception-view.ftl"): Found
2025-02-05 21:22:16 DEBUG cache:45 - Loading template for "v3html/exception-view/v3-html-exception-view.ftl"("en", UTF-8, parsed) from "jar:file:/C:/Users/Administrator/.m2/repository/com/aventstack/extentreports/4.0.9/extentreports-4.0.9.jar!/com/aventstack/extentreports/view/v3html/exception-view/v3-html-exception-view.ftl"
2025-02-05 21:22:16 DEBUG cache:45 - Couldn't find template in cache for "v3html/author-view/v3-html-author-view.ftl"("en", UTF-8, parsed); will try to load it.
2025-02-05 21:22:16 DEBUG cache:45 - TemplateLoader.findTemplateSource("v3html/author-view/v3-html-author-view_en.ftl"): Not found
2025-02-05 21:22:16 DEBUG cache:45 - TemplateLoader.findTemplateSource("v3html/author-view/v3-html-author-view.ftl"): Found
2025-02-05 21:22:16 DEBUG cache:45 - Loading template for "v3html/author-view/v3-html-author-view.ftl"("en", UTF-8, parsed) from "jar:file:/C:/Users/Administrator/.m2/repository/com/aventstack/extentreports/4.0.9/extentreports-4.0.9.jar!/com/aventstack/extentreports/view/v3html/author-view/v3-html-author-view.ftl"
2025-02-05 21:22:16 DEBUG cache:45 - Couldn't find template in cache for "v3html/dashboard-view/v3-html-dashboard-view.ftl"("en", UTF-8, parsed); will try to load it.
2025-02-05 21:22:16 DEBUG cache:45 - TemplateLoader.findTemplateSource("v3html/dashboard-view/v3-html-dashboard-view_en.ftl"): Not found
2025-02-05 21:22:16 DEBUG cache:45 - TemplateLoader.findTemplateSource("v3html/dashboard-view/v3-html-dashboard-view.ftl"): Found
2025-02-05 21:22:16 DEBUG cache:45 - Loading template for "v3html/dashboard-view/v3-html-dashboard-view.ftl"("en", UTF-8, parsed) from "jar:file:/C:/Users/Administrator/.m2/repository/com/aventstack/extentreports/4.0.9/extentreports-4.0.9.jar!/com/aventstack/extentreports/view/v3html/dashboard-view/v3-html-dashboard-view.ftl"
2025-02-05 21:22:16 DEBUG cache:45 - Couldn't find template in cache for "v3html/logs-view/v3-html-testrunner-logs-view.ftl"("en", UTF-8, parsed); will try to load it.
2025-02-05 21:22:16 DEBUG cache:45 - TemplateLoader.findTemplateSource("v3html/logs-view/v3-html-testrunner-logs-view_en.ftl"): Not found
2025-02-05 21:22:16 DEBUG cache:45 - TemplateLoader.findTemplateSource("v3html/logs-view/v3-html-testrunner-logs-view.ftl"): Found
2025-02-05 21:22:16 DEBUG cache:45 - Loading template for "v3html/logs-view/v3-html-testrunner-logs-view.ftl"("en", UTF-8, parsed) from "jar:file:/C:/Users/Administrator/.m2/repository/com/aventstack/extentreports/4.0.9/extentreports-4.0.9.jar!/com/aventstack/extentreports/view/v3html/logs-view/v3-html-testrunner-logs-view.ftl"
2025-02-06 11:09:43 INFO  Log:16 - =====================================loginTest TEST START=========================================
2025-02-06 11:09:43 INFO  Log:29 - User is going to signIn
2025-02-06 11:09:45 INFO  Log:29 - enter user name and password
2025-02-06 11:09:49 INFO  Log:29 - Validation check
2025-02-06 11:09:49 INFO  Log:21 - =====================================loginTest TEST END=========================================
2025-02-06 11:19:01 INFO  Log:16 - =====================================loginTest TEST START=========================================
2025-02-06 11:19:01 INFO  Log:29 - User is going to signIn
2025-02-06 11:19:03 INFO  Log:29 - enter user name and password
2025-02-06 11:19:07 INFO  Log:29 - Validation check
2025-02-06 11:19:07 INFO  Log:21 - =====================================loginTest TEST END=========================================
2025-02-06 11:24:24 INFO  Log:16 - =====================================loginTest TEST START=========================================
2025-02-06 11:24:24 INFO  Log:29 - User is going to signIn
2025-02-06 11:24:26 INFO  Log:29 - enter user name and password
2025-02-06 11:24:30 INFO  Log:29 - Validation check
2025-02-06 11:24:30 INFO  Log:21 - =====================================loginTest TEST END=========================================
2025-02-06 11:25:14 DEBUG cache:45 - Couldn't find template in cache for "v3html/v3-html-index.ftl"("en", UTF-8, parsed); will try to load it.
2025-02-06 11:25:14 DEBUG cache:45 - TemplateLoader.findTemplateSource("v3html/v3-html-index_en.ftl"): Not found
2025-02-06 11:25:14 DEBUG cache:45 - TemplateLoader.findTemplateSource("v3html/v3-html-index.ftl"): Found
2025-02-06 11:25:14 DEBUG cache:45 - Loading template for "v3html/v3-html-index.ftl"("en", UTF-8, parsed) from "jar:file:/C:/Users/Administrator/.m2/repository/com/aventstack/extentreports/4.0.9/extentreports-4.0.9.jar!/com/aventstack/extentreports/view/v3html/v3-html-index.ftl"
2025-02-06 11:25:15 DEBUG cache:45 - Couldn't find template in cache for "v3html/v3-html-head.ftl"("en", UTF-8, parsed); will try to load it.
2025-02-06 11:25:15 DEBUG cache:45 - TemplateLoader.findTemplateSource("v3html/v3-html-head_en.ftl"): Not found
2025-02-06 11:25:15 DEBUG cache:45 - TemplateLoader.findTemplateSource("v3html/v3-html-head.ftl"): Found
2025-02-06 11:25:15 DEBUG cache:45 - Loading template for "v3html/v3-html-head.ftl"("en", UTF-8, parsed) from "jar:file:/C:/Users/Administrator/.m2/repository/com/aventstack/extentreports/4.0.9/extentreports-4.0.9.jar!/com/aventstack/extentreports/view/v3html/v3-html-head.ftl"
2025-02-06 11:25:15 DEBUG cache:45 - Couldn't find template in cache for "v3html/v3-html-nav.ftl"("en", UTF-8, parsed); will try to load it.
2025-02-06 11:25:15 DEBUG cache:45 - TemplateLoader.findTemplateSource("v3html/v3-html-nav_en.ftl"): Not found
2025-02-06 11:25:15 DEBUG cache:45 - TemplateLoader.findTemplateSource("v3html/v3-html-nav.ftl"): Found
2025-02-06 11:25:15 DEBUG cache:45 - Loading template for "v3html/v3-html-nav.ftl"("en", UTF-8, parsed) from "jar:file:/C:/Users/Administrator/.m2/repository/com/aventstack/extentreports/4.0.9/extentreports-4.0.9.jar!/com/aventstack/extentreports/view/v3html/v3-html-nav.ftl"
2025-02-06 11:25:15 DEBUG cache:45 - Couldn't find template in cache for "v3html/test-view/v3-html-test-view.ftl"("en", UTF-8, parsed); will try to load it.
2025-02-06 11:25:15 DEBUG cache:45 - TemplateLoader.findTemplateSource("v3html/test-view/v3-html-test-view_en.ftl"): Not found
2025-02-06 11:25:15 DEBUG cache:45 - TemplateLoader.findTemplateSource("v3html/test-view/v3-html-test-view.ftl"): Found
2025-02-06 11:25:15 DEBUG cache:45 - Loading template for "v3html/test-view/v3-html-test-view.ftl"("en", UTF-8, parsed) from "jar:file:/C:/Users/Administrator/.m2/repository/com/aventstack/extentreports/4.0.9/extentreports-4.0.9.jar!/com/aventstack/extentreports/view/v3html/test-view/v3-html-test-view.ftl"
2025-02-06 11:25:15 DEBUG cache:45 - Couldn't find template in cache for "v3html/test-view/v3-html-test-view-charts.ftl"("en", UTF-8, parsed); will try to load it.
2025-02-06 11:25:15 DEBUG cache:45 - TemplateLoader.findTemplateSource("v3html/test-view/v3-html-test-view-charts_en.ftl"): Not found
2025-02-06 11:25:15 DEBUG cache:45 - TemplateLoader.findTemplateSource("v3html/test-view/v3-html-test-view-charts.ftl"): Found
2025-02-06 11:25:15 DEBUG cache:45 - Loading template for "v3html/test-view/v3-html-test-view-charts.ftl"("en", UTF-8, parsed) from "jar:file:/C:/Users/Administrator/.m2/repository/com/aventstack/extentreports/4.0.9/extentreports-4.0.9.jar!/com/aventstack/extentreports/view/v3html/test-view/v3-html-test-view-charts.ftl"
2025-02-06 11:25:15 DEBUG cache:45 - Couldn't find template in cache for "v3html/test-view/v3-html-standard.ftl"("en", UTF-8, parsed); will try to load it.
2025-02-06 11:25:15 DEBUG cache:45 - TemplateLoader.findTemplateSource("v3html/test-view/v3-html-standard_en.ftl"): Not found
2025-02-06 11:25:15 DEBUG cache:45 - TemplateLoader.findTemplateSource("v3html/test-view/v3-html-standard.ftl"): Found
2025-02-06 11:25:15 DEBUG cache:45 - Loading template for "v3html/test-view/v3-html-standard.ftl"("en", UTF-8, parsed) from "jar:file:/C:/Users/Administrator/.m2/repository/com/aventstack/extentreports/4.0.9/extentreports-4.0.9.jar!/com/aventstack/extentreports/view/v3html/test-view/v3-html-standard.ftl"
2025-02-06 11:25:15 DEBUG cache:45 - "v3html/test-view/v3-html-standard.ftl"("en", UTF-8, parsed) cached copy not yet stale; using cached.
2025-02-06 11:25:15 DEBUG cache:45 - "v3html/test-view/v3-html-standard.ftl"("en", UTF-8, parsed) cached copy not yet stale; using cached.
2025-02-06 11:25:15 DEBUG cache:45 - "v3html/test-view/v3-html-standard.ftl"("en", UTF-8, parsed) cached copy not yet stale; using cached.
2025-02-06 11:25:15 DEBUG cache:45 - "v3html/test-view/v3-html-standard.ftl"("en", UTF-8, parsed) cached copy not yet stale; using cached.
2025-02-06 11:25:15 DEBUG cache:45 - "v3html/test-view/v3-html-standard.ftl"("en", UTF-8, parsed) cached copy not yet stale; using cached.
2025-02-06 11:25:15 DEBUG cache:45 - "v3html/test-view/v3-html-standard.ftl"("en", UTF-8, parsed) cached copy not yet stale; using cached.
2025-02-06 11:25:15 DEBUG cache:45 - "v3html/test-view/v3-html-standard.ftl"("en", UTF-8, parsed) cached copy not yet stale; using cached.
2025-02-06 11:25:15 DEBUG cache:45 - "v3html/test-view/v3-html-standard.ftl"("en", UTF-8, parsed) cached copy not yet stale; using cached.
2025-02-06 11:25:15 DEBUG cache:45 - Couldn't find template in cache for "v3html/category-view/v3-html-category-view.ftl"("en", UTF-8, parsed); will try to load it.
2025-02-06 11:25:15 DEBUG cache:45 - TemplateLoader.findTemplateSource("v3html/category-view/v3-html-category-view_en.ftl"): Not found
2025-02-06 11:25:15 DEBUG cache:45 - TemplateLoader.findTemplateSource("v3html/category-view/v3-html-category-view.ftl"): Found
2025-02-06 11:25:15 DEBUG cache:45 - Loading template for "v3html/category-view/v3-html-category-view.ftl"("en", UTF-8, parsed) from "jar:file:/C:/Users/Administrator/.m2/repository/com/aventstack/extentreports/4.0.9/extentreports-4.0.9.jar!/com/aventstack/extentreports/view/v3html/category-view/v3-html-category-view.ftl"
2025-02-06 11:25:15 DEBUG cache:45 - Couldn't find template in cache for "v3html/exception-view/v3-html-exception-view.ftl"("en", UTF-8, parsed); will try to load it.
2025-02-06 11:25:15 DEBUG cache:45 - TemplateLoader.findTemplateSource("v3html/exception-view/v3-html-exception-view_en.ftl"): Not found
2025-02-06 11:25:15 DEBUG cache:45 - TemplateLoader.findTemplateSource("v3html/exception-view/v3-html-exception-view.ftl"): Found
2025-02-06 11:25:15 DEBUG cache:45 - Loading template for "v3html/exception-view/v3-html-exception-view.ftl"("en", UTF-8, parsed) from "jar:file:/C:/Users/Administrator/.m2/repository/com/aventstack/extentreports/4.0.9/extentreports-4.0.9.jar!/com/aventstack/extentreports/view/v3html/exception-view/v3-html-exception-view.ftl"
2025-02-06 11:25:15 DEBUG cache:45 - Couldn't find template in cache for "v3html/author-view/v3-html-author-view.ftl"("en", UTF-8, parsed); will try to load it.
2025-02-06 11:25:15 DEBUG cache:45 - TemplateLoader.findTemplateSource("v3html/author-view/v3-html-author-view_en.ftl"): Not found
2025-02-06 11:25:15 DEBUG cache:45 - TemplateLoader.findTemplateSource("v3html/author-view/v3-html-author-view.ftl"): Found
2025-02-06 11:25:15 DEBUG cache:45 - Loading template for "v3html/author-view/v3-html-author-view.ftl"("en", UTF-8, parsed) from "jar:file:/C:/Users/Administrator/.m2/repository/com/aventstack/extentreports/4.0.9/extentreports-4.0.9.jar!/com/aventstack/extentreports/view/v3html/author-view/v3-html-author-view.ftl"
2025-02-06 11:25:15 DEBUG cache:45 - Couldn't find template in cache for "v3html/dashboard-view/v3-html-dashboard-view.ftl"("en", UTF-8, parsed); will try to load it.
2025-02-06 11:25:15 DEBUG cache:45 - TemplateLoader.findTemplateSource("v3html/dashboard-view/v3-html-dashboard-view_en.ftl"): Not found
2025-02-06 11:25:15 DEBUG cache:45 - TemplateLoader.findTemplateSource("v3html/dashboard-view/v3-html-dashboard-view.ftl"): Found
2025-02-06 11:25:15 DEBUG cache:45 - Loading template for "v3html/dashboard-view/v3-html-dashboard-view.ftl"("en", UTF-8, parsed) from "jar:file:/C:/Users/Administrator/.m2/repository/com/aventstack/extentreports/4.0.9/extentreports-4.0.9.jar!/com/aventstack/extentreports/view/v3html/dashboard-view/v3-html-dashboard-view.ftl"
2025-02-06 11:25:15 DEBUG cache:45 - Couldn't find template in cache for "v3html/logs-view/v3-html-testrunner-logs-view.ftl"("en", UTF-8, parsed); will try to load it.
2025-02-06 11:25:15 DEBUG cache:45 - TemplateLoader.findTemplateSource("v3html/logs-view/v3-html-testrunner-logs-view_en.ftl"): Not found
2025-02-06 11:25:15 DEBUG cache:45 - TemplateLoader.findTemplateSource("v3html/logs-view/v3-html-testrunner-logs-view.ftl"): Found
2025-02-06 11:25:15 DEBUG cache:45 - Loading template for "v3html/logs-view/v3-html-testrunner-logs-view.ftl"("en", UTF-8, parsed) from "jar:file:/C:/Users/Administrator/.m2/repository/com/aventstack/extentreports/4.0.9/extentreports-4.0.9.jar!/com/aventstack/extentreports/view/v3html/logs-view/v3-html-testrunner-logs-view.ftl"
2025-02-06 11:31:08 INFO  Log:16 - =====================================loginTest TEST START=========================================
2025-02-06 11:31:08 INFO  Log:29 - User is going to signIn
2025-02-06 11:31:10 INFO  Log:29 - enter user name and password
2025-02-06 11:31:14 INFO  Log:29 - Validation check
2025-02-06 11:31:14 INFO  Log:21 - =====================================loginTest TEST END=========================================
